Build started 12/28/2013 8:43:00 AM.
     1>Project "C:\Users\Adau\Desktop\Nhom 19 De Tai_Tim duong di ngan nhat\Nhom_19_De_Tai_Dijkstra_VS_C++\Nhom_19_De_Tai_Dijkstra\Nhom_19_De_Tai_Dijkstra.vcxproj" on node 2 (build target(s)).
     1>InitializeBuildStatus:
         Creating "Debug\Nhom_19_De_Tai_Dijkstra.unsuccessfulbuild" because "AlwaysCreate" was specified.
       ClCompile:
         All outputs are up-to-date.
         C:\Program Files (x86)\Microsoft Visual Studio 10.0\VC\bin\CL.exe /c /ZI /nologo /W3 /WX- /Od /Oy- /D WIN32 /D _DEBUG /D _CONSOLE /D _UNICODE /D UNICODE /Gm /EHsc /RTC1 /MDd /GS /fp:precise /Zc:wchar_t /Zc:forScope /Yu"StdAfx.h" /Fp"Debug\Nhom_19_De_Tai_Dijkstra.pch" /Fo"Debug\\" /Fd"Debug\vc100.pdb" /Gd /TP /analyze- /errorReport:prompt Nhom_19_De_Tai_Dijkstra.cpp
         Nhom_19_De_Tai_Dijkstra.cpp
     1>c:\users\adau\desktop\nhom 19 de tai_tim duong di ngan nhat\nhom_19_de_tai_dijkstra_vs_c++\nhom_19_de_tai_dijkstra\nhom_19_de_tai_dijkstra.cpp(18): warning C4996: 'localtime': This function or variable may be unsafe. Consider using localtime_s instead. To disable deprecation, use _CRT_SECURE_NO_WARNINGS. See online help for details.
                 c:\program files (x86)\microsoft visual studio 10.0\vc\include\time.inl(112) : see declaration of 'localtime'
     1>c:\users\adau\desktop\nhom 19 de tai_tim duong di ngan nhat\nhom_19_de_tai_dijkstra_vs_c++\nhom_19_de_tai_dijkstra\nhom_19_de_tai_dijkstra.cpp(36): warning C4996: 'asctime': This function or variable may be unsafe. Consider using asctime_s instead. To disable deprecation, use _CRT_SECURE_NO_WARNINGS. See online help for details.
                 c:\program files (x86)\microsoft visual studio 10.0\vc\include\time.h(153) : see declaration of 'asctime'
     1>c:\users\adau\desktop\nhom 19 de tai_tim duong di ngan nhat\nhom_19_de_tai_dijkstra_vs_c++\nhom_19_de_tai_dijkstra\nhom_19_de_tai_dijkstra.cpp(61): warning C4996: 'asctime': This function or variable may be unsafe. Consider using asctime_s instead. To disable deprecation, use _CRT_SECURE_NO_WARNINGS. See online help for details.
                 c:\program files (x86)\microsoft visual studio 10.0\vc\include\time.h(153) : see declaration of 'asctime'
     1>c:\users\adau\desktop\nhom 19 de tai_tim duong di ngan nhat\nhom_19_de_tai_dijkstra_vs_c++\nhom_19_de_tai_dijkstra\nhom_19_de_tai_dijkstra.cpp(69): warning C4996: 'asctime': This function or variable may be unsafe. Consider using asctime_s instead. To disable deprecation, use _CRT_SECURE_NO_WARNINGS. See online help for details.
                 c:\program files (x86)\microsoft visual studio 10.0\vc\include\time.h(153) : see declaration of 'asctime'
     1>c:\users\adau\desktop\nhom 19 de tai_tim duong di ngan nhat\nhom_19_de_tai_dijkstra_vs_c++\nhom_19_de_tai_dijkstra\nhom_19_de_tai_dijkstra.cpp(93): warning C4996: 'asctime': This function or variable may be unsafe. Consider using asctime_s instead. To disable deprecation, use _CRT_SECURE_NO_WARNINGS. See online help for details.
                 c:\program files (x86)\microsoft visual studio 10.0\vc\include\time.h(153) : see declaration of 'asctime'
       ManifestResourceCompile:
         All outputs are up-to-date.
       Link:
         C:\Program Files (x86)\Microsoft Visual Studio 10.0\VC\bin\link.exe /ERRORREPORT:PROMPT /OUT:"C:\Users\Adau\Desktop\Nhom 19 De Tai_Tim duong di ngan nhat\Nhom_19_De_Tai_Dijkstra_VS_C++\Debug\Nhom_19_De_Tai_Dijkstra.exe" /INCREMENTAL /NOLOGO kernel32.lib user32.lib gdi32.lib winspool.lib comdlg32.lib advapi32.lib shell32.lib ole32.lib oleaut32.lib uuid.lib odbc32.lib odbccp32.lib /MANIFEST /ManifestFile:"Debug\Nhom_19_De_Tai_Dijkstra.exe.intermediate.manifest" /MANIFESTUAC:"level='asInvoker' uiAccess='false'" /DEBUG /PDB:"C:\Users\Adau\Desktop\Nhom 19 De Tai_Tim duong di ngan nhat\Nhom_19_De_Tai_Dijkstra_VS_C++\Debug\Nhom_19_De_Tai_Dijkstra.pdb" /SUBSYSTEM:CONSOLE /TLBID:1 /DYNAMICBASE /NXCOMPAT /IMPLIB:"C:\Users\Adau\Desktop\Nhom 19 De Tai_Tim duong di ngan nhat\Nhom_19_De_Tai_Dijkstra_VS_C++\Debug\Nhom_19_De_Tai_Dijkstra.lib" /MACHINE:X86 Debug\Nhom_19_De_Tai_Dijkstra.exe.embed.manifest.res
         Debug\CaiDat.obj
         Debug\Nhom_19_De_Tai_Dijkstra.obj
         Debug\stdafx.obj
       Manifest:
         C:\Program Files (x86)\Microsoft SDKs\Windows\v7.0A\bin\mt.exe /nologo /verbose /out:"Debug\Nhom_19_De_Tai_Dijkstra.exe.embed.manifest" /manifest Debug\Nhom_19_De_Tai_Dijkstra.exe.intermediate.manifest
         All outputs are up-to-date.
       LinkEmbedManifest:
         All outputs are up-to-date.
         Nhom_19_De_Tai_Dijkstra.vcxproj -> C:\Users\Adau\Desktop\Nhom 19 De Tai_Tim duong di ngan nhat\Nhom_19_De_Tai_Dijkstra_VS_C++\Debug\Nhom_19_De_Tai_Dijkstra.exe
       FinalizeBuildStatus:
         Deleting file "Debug\Nhom_19_De_Tai_Dijkstra.unsuccessfulbuild".
         Touching "Debug\Nhom_19_De_Tai_Dijkstra.lastbuildstate".
     1>Done Building Project "C:\Users\Adau\Desktop\Nhom 19 De Tai_Tim duong di ngan nhat\Nhom_19_De_Tai_Dijkstra_VS_C++\Nhom_19_De_Tai_Dijkstra\Nhom_19_De_Tai_Dijkstra.vcxproj" (build target(s)).

Build succeeded.

Time Elapsed 00:00:04.82
